<?xml version="1.0" encoding="UTF-8"?>
<!-- Generated by org.testng.reporters.JUnitXMLReporter -->
<testsuite ignored="14" hostname="DESKTOP-UPUHKEP" failures="0" tests="1" name="Default test" time="58.385" errors="0" timestamp="2021-01-27T15:14:06 IST">
  <testcase classname="FinalProject.FinalProject.Tests" name="BAOrPracticalExperienceArticle" time="27.534"/>
  <testcase classname="FinalProject.FinalProject.Tests" name="AutoCourseSelect" time="0.0">
    <ignored/>
  </testcase> <!-- AutoCourseSelect -->
  <testcase classname="FinalProject.FinalProject.Tests" name="SVCReviews" time="0.0">
    <ignored/>
  </testcase> <!-- SVCReviews -->
  <testcase classname="FinalProject.FinalProject.Tests" name="QuickContactBtn" time="0.0">
    <ignored/>
  </testcase> <!-- QuickContactBtn -->
  <testcase classname="FinalProject.FinalProject.Tests" name="ContactUs" time="0.0">
    <ignored/>
  </testcase> <!-- ContactUs -->
  <testcase classname="FinalProject.FinalProject.Tests" name="CoronaArticle" time="0.0">
    <ignored/>
  </testcase> <!-- CoronaArticle -->
  <testcase classname="FinalProject.FinalProject.Tests" name="Details" time="0.0">
    <ignored/>
  </testcase> <!-- Details -->
  <testcase classname="FinalProject.FinalProject.Tests" name="AccessibilityBtn" time="0.0">
    <ignored/>
  </testcase> <!-- AccessibilityBtn -->
  <testcase classname="FinalProject.FinalProject.Tests" name="ConsultationCall" time="0.0">
    <ignored/>
  </testcase> <!-- ConsultationCall -->
  <testcase classname="FinalProject.FinalProject.Tests" name="WebAppDev" time="0.0">
    <ignored/>
  </testcase> <!-- WebAppDev -->
  <testcase classname="FinalProject.FinalProject.Tests" name="ConversionHighT" time="0.0">
    <ignored/>
  </testcase> <!-- ConversionHighT -->
  <testcase classname="FinalProject.FinalProject.Tests" name="SendMSGPop" time="0.0">
    <ignored/>
  </testcase> <!-- SendMSGPop -->
  <testcase classname="FinalProject.FinalProject.Tests" name="WroteAboutUs" time="0.0">
    <ignored/>
  </testcase> <!-- WroteAboutUs -->
  <testcase classname="FinalProject.FinalProject.Tests" name="AutoSyllabus" time="0.0">
    <ignored/>
  </testcase> <!-- AutoSyllabus -->
  <testcase classname="FinalProject.FinalProject.Tests" name="CourseQaSelect" time="0.0">
    <ignored/>
  </testcase> <!-- CourseQaSelect -->
</testsuite> <!-- Default test -->
